<?xml version="1.0" encoding="UTF-8"?>
<Site BuildName="Darwin-c++"
	BuildStamp="20241001-1434-Experimental"
	Name="macbookpro.students.netlogon.liu.se"
	Generator="ctest-3.30.4"
	CompilerName="/Library/Developer/CommandLineTools/usr/bin/c++"
	CompilerVersion="16.0.0.16000026"
	OSName="macOS"
	Hostname="macbookpro.students.netlogon.liu.se"
	OSRelease="15.0"
	OSVersion="24A335"
	OSPlatform="arm64"
	Is64Bits="1"
	VendorString="Apple"
	VendorID="Apple"
	FamilyID="0"
	ModelID="0"
	ProcessorCacheSize="131072"
	NumberOfLogicalCPU="8"
	NumberOfPhysicalCPU="8"
	TotalVirtualMemory="0"
	TotalPhysicalMemory="16384"
	LogicalProcessorsPerPhysical="8"
	ProcessorClockFrequency="0"
	>
	<Testing>
		<StartDateTime>Oct 01 17:07 CEST</StartDateTime>
		<StartTestTime>1727795265</StartTestTime>
		<TestList/>
		<EndDateTime>Oct 01 17:07 CEST</EndDateTime>
		<EndTestTime>1727795265</EndTestTime>
		<ElapsedMinutes>0</ElapsedMinutes>
	</Testing>
</Site>
